#
# A fatal error has been detected by the Java Runtime Environment:
#
#  EXCEPTION_ACCESS_VIOLATION (0xc0000005) at pc=0x00007ffae88ac2c4, pid=8732, tid=21328
#
# JRE version: OpenJDK Runtime Environment JBR-21.0.4+13-509.26-jcef (21.0.4+13) (build 21.0.4+13-b509.26)
# Java VM: OpenJDK 64-Bit Server VM JBR-21.0.4+13-509.26-jcef (21.0.4+13-b509.26, mixed mode, tiered, compressed oops, compressed class ptrs, g1 gc, windows-amd64)
# Problematic frame:
# C  [cyjagent.dll+0xc2c4]
#
# No core dump will be written. Minidumps are not enabled by default on client versions of Windows
#
# If you would like to submit a bug report, please visit:
#   https://youtrack.jetbrains.com/issues/JBR
# The crash happened outside the Java Virtual Machine in native code.
# See problematic frame for where to report the bug.
#

---------------  S U M M A R Y ------------

Command Line: -agentpath:C:\Program Files\Palo Alto Networks\Traps\cyjagent.dll git4idea.http.GitAskPassApp Username for 'https://github.com': 

Host: 12th Gen Intel(R) Core(TM) i7-1255U, 12 cores, 31G,  Windows 11 , 64 bit Build 22621 (10.0.22621.4391)
Time: Fri Nov 15 19:55:42 2024 Sri Lanka Standard Time elapsed time: 30.779317 seconds (0d 0h 0m 30s)

---------------  T H R E A D  ---------------

Current thread (0x000001e16043edc0):  JavaThread "HttpClient-1-Worker-0" daemon [_thread_in_native, id=21328, stack(0x000000bc43c00000,0x000000bc43d00000) (1024K)]

Stack: [0x000000bc43c00000,0x000000bc43d00000],  sp=0x000000bc43cfdb20,  free space=1014k
Native frames: (J=compiled Java code, j=interpreted, Vv=VM code, C=native code)
C  [cyjagent.dll+0xc2c4]

Java frames: (J=compiled Java code, j=interpreted, Vv=VM code)
j  sun.security.ssl.Alert$AlertConsumer.consume(Lsun/security/ssl/ConnectionContext;Ljava/nio/ByteBuffer;)V+49 java.base@21.0.4
j  sun.security.ssl.TransportContext.dispatch(Lsun/security/ssl/Plaintext;)V+271 java.base@21.0.4
j  sun.security.ssl.SSLTransport.decode(Lsun/security/ssl/TransportContext;[Ljava/nio/ByteBuffer;II[Ljava/nio/ByteBuffer;II)Lsun/security/ssl/Plaintext;+281 java.base@21.0.4
j  sun.security.ssl.SSLEngineImpl.decode([Ljava/nio/ByteBuffer;II[Ljava/nio/ByteBuffer;II)Lsun/security/ssl/Plaintext;+13 java.base@21.0.4
j  sun.security.ssl.SSLEngineImpl.readRecord([Ljava/nio/ByteBuffer;II[Ljava/nio/ByteBuffer;II)Ljavax/net/ssl/SSLEngineResult;+701 java.base@21.0.4
j  sun.security.ssl.SSLEngineImpl.unwrap([Ljava/nio/ByteBuffer;II[Ljava/nio/ByteBuffer;II)Ljavax/net/ssl/SSLEngineResult;+53 java.base@21.0.4
j  sun.security.ssl.SSLEngineImpl.unwrap(Ljava/nio/ByteBuffer;[Ljava/nio/ByteBuffer;II)Ljavax/net/ssl/SSLEngineResult;+15 java.base@21.0.4
j  javax.net.ssl.SSLEngine.unwrap(Ljava/nio/ByteBuffer;Ljava/nio/ByteBuffer;)Ljavax/net/ssl/SSLEngineResult;+12 java.base@21.0.4
j  jdk.internal.net.http.common.SSLFlowDelegate$Reader.unwrapBuffer(Ljava/nio/ByteBuffer;)Ljdk/internal/net/http/common/SSLFlowDelegate$EngineResult;+22 java.net.http@21.0.4
j  jdk.internal.net.http.common.SSLFlowDelegate$Reader.processData()V+149 java.net.http@21.0.4
j  jdk.internal.net.http.common.SSLFlowDelegate$Reader$ReaderDownstreamPusher.run()V+4 java.net.http@21.0.4
j  jdk.internal.net.http.common.SequentialScheduler$LockingRestartableTask.run()V+34 java.net.http@21.0.4
j  jdk.internal.net.http.common.SequentialScheduler$CompleteRestartableTask.run(Ljdk/internal/net/http/common/SequentialScheduler$DeferredCompleter;)V+1 java.net.http@21.0.4
j  jdk.internal.net.http.common.SequentialScheduler$SchedulableTask.run()V+14 java.net.http@21.0.4
j  java.util.concurrent.ThreadPoolExecutor.runWorker(Ljava/util/concurrent/ThreadPoolExecutor$Worker;)V+92 java.base@21.0.4
j  java.util.concurrent.ThreadPoolExecutor$Worker.run()V+5 java.base@21.0.4
j  java.lang.Thread.runWith(Ljava/lang/Object;Ljava/lang/Runnable;)V+5 java.base@21.0.4
j  java.lang.Thread.run()V+19 java.base@21.0.4
v  ~StubRoutines::call_stub 0x000001e1463b100d

siginfo: EXCEPTION_ACCESS_VIOLATION (0xc0000005), reading address 0x0000000000000000


Registers:
RAX=0x0000000000000000, RBX=0x000001e16043f178, RCX=0x0000000000000000, RDX=0x000001e1395a8f80
RSP=0x000000bc43cfdb20, RBP=0x000001e13ee6f8d0, RSI=0x0000000000000000, RDI=0x000001e16012ef50
R8 =0x000000bc43cfd968, R9 =0x0000000000000000, R10=0x0000000000000000, R11=0x0000000000000246
R12=0x000001e16012ef50, R13=0x000000bc43cfe100, R14=0x000001e16043edc0, R15=0x0000000000000000
RIP=0x00007ffae88ac2c4, EFLAGS=0x0000000000010202


Register to memory mapping:

RAX=0x0 is null
RBX=0x000001e16043f178 points into unknown readable memory: 0x00007ffa4b7b37a0 | a0 37 7b 4b fa 7f 00 00
RCX=0x0 is null
RDX=0x000001e1395a8f80 points into unknown readable memory: 0x000001e16043edc0 | c0 ed 43 60 e1 01 00 00
RSP=0x000000bc43cfdb20 is pointing into the stack for thread: 0x000001e16043edc0
RBP=0x000001e13ee6f8d0 points into unknown readable memory: 0x000001e13ede7860 | 60 78 de 3e e1 01 00 00
RSI=0x0 is null
RDI=0x000001e16012ef50 points into unknown readable memory: 0x756365732f6e7573 | 73 75 6e 2f 73 65 63 75
R8 =0x000000bc43cfd968 is pointing into the stack for thread: 0x000001e16043edc0
R9 =0x0 is null
R10=0x0 is null
R11=0x0000000000000246 is an unknown value
R12=0x000001e16012ef50 points into unknown readable memory: 0x756365732f6e7573 | 73 75 6e 2f 73 65 63 75
R13=0x000000bc43cfe100 is pointing into the stack for thread: 0x000001e16043edc0
R14=0x000001e16043edc0 is a thread
R15=0x0 is null

Top of Stack: (sp=0x000000bc43cfdb20)
0x000000bc43cfdb20:   000001e16012ef50 000001e16043f178
0x000000bc43cfdb30:   0000000000000800 000001e13917f532
0x000000bc43cfdb40:   000001e15b690080 000000008b08cf4c
0x000000bc43cfdb50:   000001e16002f450 000001e13ee6f8d0
0x000000bc43cfdb60:   000000000000001c 000000bc43cfdd30
0x000000bc43cfdb70:   000001e1395a6e70 0000000000000000
0x000000bc43cfdb80:   000001e16043edc0 00007ffa4b11616b
0x000000bc43cfdb90:   000001e1395a6e70 0000000000000000
0x000000bc43cfdba0:   000000bc43cfdd30 000001e15b690080
0x000000bc43cfdbb0:   000001e16012ef50 0000000000000000
0x000000bc43cfdbc0:   000001e1000007eb 000001e16012e730
0x000000bc43cfdbd0:   000000bc43cfdcc8 000000bc43cfdbe8
0x000000bc43cfdbe0:   000001e100000000 0000000000000000
0x000000bc43cfdbf0:   0000000000000000 0000000000000080
0x000000bc43cfdc00:   000001e1603d1ca0 000001e16012e720
0x000000bc43cfdc10:   000001e16012ef70 000001e160136708
0x000000bc43cfdc20:   00000000000083b0 000001e16043edc0
0x000000bc43cfdc30:   000001e16043edc0 000001e1603d1de0
0x000000bc43cfdc40:   000001e1603d3a20 000001e1603d3a38
0x000000bc43cfdc50:   000001e1603d3b08 00000000000000d8
0x000000bc43cfdc60:   000000bc43cfde50 000001e100000006
0x000000bc43cfdc70:   0000000000000070 000000bc43cfe100
0x000000bc43cfdc80:   000001e16012e720 000001e1395a6e70
0x000000bc43cfdc90:   0000000000000003 0000000000000020
0x000000bc43cfdca0:   000000bc43cfdd30 00007ffa4b10d952
0x000000bc43cfdcb0:   000001e16043f901 00000000000003d8
0x000000bc43cfdcc0:   0000c3eb76c88201 0000000000000000
0x000000bc43cfdcd0:   000001e1603d1ca0 000001e16002f450
0x000000bc43cfdce0:   0000000000000000 00007ffa4b10da5b
0x000000bc43cfdcf0:   0000000000000000 000000bc43cfde00
0x000000bc43cfdd00:   000001e16043f9a0 0000000000000000
0x000000bc43cfdd10:   000000bc43cfde00 000000bc43cfde28 

Instructions: (pc=0x00007ffae88ac2c4)
0x00007ffae88ac1c4:   00 00 03 72 2d 44 8b ce 48 8d 05 3d df 01 00 ba
0x00007ffae88ac1d4:   2f 00 00 00 4e 8b 0c c8 48 8b 89 10 03 00 00 4c
0x00007ffae88ac1e4:   8d 05 56 de 01 00 e8 51 4f ff ff 48 8b 0d ea 37
0x00007ffae88ac1f4:   02 00 48 3b cb 74 68 f6 81 1c 03 00 00 10 74 5f
0x00007ffae88ac204:   80 b9 19 03 00 00 02 72 56 4c 8b 8c 24 90 00 00
0x00007ffae88ac214:   00 4c 8d 05 24 de 01 00 48 8b 89 10 03 00 00 ba
0x00007ffae88ac224:   31 00 00 00 e8 13 4f ff ff eb 34 49 8b 0f 4c 8b
0x00007ffae88ac234:   c3 48 8b d6 e8 f3 63 00 00 48 8b 84 24 b0 00 00
0x00007ffae88ac244:   00 89 18 48 8b 0d 7a 4b 02 00 4c 8b c6 33 d2 ff
0x00007ffae88ac254:   15 a7 4f 01 00 eb 08 a8 02 75 04 c6 47 40 01 b8
0x00007ffae88ac264:   ff ff ff ff f0 0f c1 47 10 4c 8b b4 24 88 00 00
0x00007ffae88ac274:   00 83 f8 01 75 42 48 8b 4f 18 48 81 c1 70 01 00
0x00007ffae88ac284:   00 ff 15 1d 50 01 00 48 8b 0f 48 8b 47 08 48 89
0x00007ffae88ac294:   08 48 89 41 08 48 8b 4f 18 48 81 c1 70 01 00 00
0x00007ffae88ac2a4:   ff 15 06 50 01 00 48 8b 0d 17 4b 02 00 4c 8b c7
0x00007ffae88ac2b4:   33 d2 ff 15 44 4f 01 00 48 8b 4d 20 48 8b 55 10
0x00007ffae88ac2c4:   48 8b 01 48 8b 80 08 01 00 00 ff 15 0c 50 01 00
0x00007ffae88ac2d4:   85 c0 74 40 48 8b 0d 01 37 02 00 48 8d 15 fa 36
0x00007ffae88ac2e4:   02 00 48 3b ca 74 2d f6 81 1c 03 00 00 10 74 24
0x00007ffae88ac2f4:   80 b9 19 03 00 00 03 72 1b 48 8b 89 10 03 00 00
0x00007ffae88ac304:   4c 8d 05 35 dd 01 00 ba 15 00 00 00 44 8b c8 e8
0x00007ffae88ac314:   68 4d ff ff 48 8b 6c 24 78 48 8b b4 24 80 00 00
0x00007ffae88ac324:   00 48 83 c4 50 41 5f 5f 5b c3 cc cc 40 57 48 83
0x00007ffae88ac334:   ec 30 f6 81 78 01 00 00 04 48 8b f9 0f 85 87 02
0x00007ffae88ac344:   00 00 48 89 5c 24 40 45 33 c9 48 89 6c 24 48 33
0x00007ffae88ac354:   d2 48 89 74 24 50 48 8b 71 20 45 8d 41 32 48 8b
0x00007ffae88ac364:   ce 48 8b 06 48 8b 40 08 ff 15 6e 4f 01 00 48 8d
0x00007ffae88ac374:   2d 67 36 02 00 85 c0 74 37 48 8b 0d 5c 36 02 00
0x00007ffae88ac384:   48 3b cd 74 2b f6 81 1c 03 00 00 10 74 22 80 b9
0x00007ffae88ac394:   19 03 00 00 02 72 19 48 8b 89 10 03 00 00 ba 11
0x00007ffae88ac3a4:   00 00 00 89 44 24 20 44 8d 4a 21 e8 7c dc ff ff
0x00007ffae88ac3b4:   48 8b 06 45 33 c9 33 d2 48 8b ce 48 8b 40 08 45 


Stack slot to memory mapping:

stack at sp + 0 slots: 0x000001e16012ef50 points into unknown readable memory: 0x756365732f6e7573 | 73 75 6e 2f 73 65 63 75
stack at sp + 1 slots: 0x000001e16043f178 points into unknown readable memory: 0x00007ffa4b7b37a0 | a0 37 7b 4b fa 7f 00 00
stack at sp + 2 slots: 2048 is a compressed pointer to class: 0x0000000800000800
externalApp.ExternalApp {0x0000000800000808}
 - instance size:     2
 - klass size:        66
 - access:            public interface abstract 
 - flags:             rewritten should_verify_class 
 - state:             linked
 - name:              'externalApp/ExternalApp'
 - super:             'java/lang/Object'
 - sub:               
 - nof implementors:  1
 - implementor:    
   'git4idea/http/GitAskPassApp'
 - arrays:            null
 - methods:           Array<T>(0x000001e15c000038)
 - method ordering:   Array<T>(0x000001e15c000018)
 - default_methods:   Array<T>(0x0000000000000000)
 - local interfaces:  Array<T>(0x000001e15c000058)
 - trans. interfaces: Array<T>(0x000001e15c000058)
 - constants:         constant pool [7] {0x000001e15c500568} for 'externalApp/ExternalApp' cache=0x000001e15c500920
 - class loader data:  loader data: 0x000001e158a51380 for instance a 'jdk/internal/loader/ClassLoaders$AppClassLoader'{0x0000000625061518}
 - source file:       'ExternalApp.java'
 - class annotations:       Array<T>(0x0000000000000000)
 - class type annotations:  Array<T>(0x0000000000000000)
 - field annotations:       Array<T>(0x0000000000000000)
 - field type annotations:  Array<T>(0x0000000000000000)
 - inner classes:     Array<T>(0x000001e15c000028)
 - nest members:     Array<T>(0x000001e15c000028)
 - permitted subclasses:     Array<T>(0x000001e15c000028)
 - java mirror:       a 'java/lang/Class'{0x000000062520ea08} = 'externalApp/ExternalApp'
 - vtable length      5  (start addr: 0x00000008000009e0)
 - itable length      0 (start addr: 0x0000000800000a08)
 - ---- static fields (0 words):
 - ---- non-static fields (0 words):
 - non-static oop maps: 
stack at sp + 3 slots: 0x000001e13917f532 ucrtbase.dll
stack at sp + 4 slots: 0x000001e15b690080 points into unknown readable memory: 0x0000000000000000 | 00 00 00 00 00 00 00 00
stack at sp + 5 slots: 0x000000008b08cf4c is an unknown value
stack at sp + 6 slots: 0x000001e16002f450 points into unknown readable memory: 0x7573001cd812ffff | ff ff 12 d8 1c 00 73 75
stack at sp + 7 slots: 0x000001e13ee6f8d0 points into unknown readable memory: 0x000001e13ede7860 | 60 78 de 3e e1 01 00 00


---------------  P R O C E S S  ---------------

Threads class SMR info:
_java_thread_list=0x000001e16043ca40, length=14, elements={
0x000001e1395b0d30, 0x000001e15b704ab0, 0x000001e15b7058d0, 0x000001e15b7094b0,
0x000001e15b709b20, 0x000001e15b733790, 0x000001e15b71db40, 0x000001e15b71f690,
0x000001e15b723090, 0x000001e15b8e6cf0, 0x000001e15b8de9e0, 0x000001e160379820,
0x000001e16043edc0, 0x000001e160445f50
}

Java Threads: ( => current thread )
  0x000001e1395b0d30 JavaThread "main"                              [_thread_blocked, id=7888, stack(0x000000bc42800000,0x000000bc42900000) (1024K)]
  0x000001e15b704ab0 JavaThread "Reference Handler"          daemon [_thread_blocked, id=18436, stack(0x000000bc43000000,0x000000bc43100000) (1024K)]
  0x000001e15b7058d0 JavaThread "Finalizer"                  daemon [_thread_blocked, id=1944, stack(0x000000bc43100000,0x000000bc43200000) (1024K)]
  0x000001e15b7094b0 JavaThread "Signal Dispatcher"          daemon [_thread_blocked, id=8448, stack(0x000000bc43200000,0x000000bc43300000) (1024K)]
  0x000001e15b709b20 JavaThread "Attach Listener"            daemon [_thread_blocked, id=5492, stack(0x000000bc43300000,0x000000bc43400000) (1024K)]
  0x000001e15b733790 JavaThread "Service Thread"             daemon [_thread_blocked, id=23916, stack(0x000000bc43400000,0x000000bc43500000) (1024K)]
  0x000001e15b71db40 JavaThread "Monitor Deflation Thread"   daemon [_thread_blocked, id=27096, stack(0x000000bc43500000,0x000000bc43600000) (1024K)]
  0x000001e15b71f690 JavaThread "C2 CompilerThread0"         daemon [_thread_blocked, id=9788, stack(0x000000bc43600000,0x000000bc43700000) (1024K)]
  0x000001e15b723090 JavaThread "C1 CompilerThread0"         daemon [_thread_blocked, id=26724, stack(0x000000bc43700000,0x000000bc43800000) (1024K)]
  0x000001e15b8e6cf0 JavaThread "Notification Thread"        daemon [_thread_blocked, id=16556, stack(0x000000bc43800000,0x000000bc43900000) (1024K)]
  0x000001e15b8de9e0 JavaThread "Common-Cleaner"             daemon [_thread_blocked, id=22720, stack(0x000000bc43900000,0x000000bc43a00000) (1024K)]
  0x000001e160379820 JavaThread "HttpClient-1-SelectorManager" daemon [_thread_in_native, id=2868, stack(0x000000bc43a00000,0x000000bc43b00000) (1024K)]
=>0x000001e16043edc0 JavaThread "HttpClient-1-Worker-0"      daemon [_thread_in_native, id=21328, stack(0x000000bc43c00000,0x000000bc43d00000) (1024K)]
  0x000001e160445f50 JavaThread "HttpClient-1-Worker-1"      daemon [_thread_blocked, id=23468, stack(0x000000bc43d00000,0x000000bc43e00000) (1024K)]
Total: 14

Other Threads:
  0x000001e15b6b3b40 VMThread "VM Thread"                           [id=13164, stack(0x000000bc42f00000,0x000000bc43000000) (1024K)] _threads_hazard_ptr=0x000001e16043ca40
  0x000001e1589b05f0 WorkerThread "GC Thread#0"                     [id=5232, stack(0x000000bc42900000,0x000000bc42a00000) (1024K)]
  0x000001e139627770 ConcurrentGCThread "G1 Main Marker"            terminated
  0x000001e139629280 WorkerThread "G1 Conc#0"                       [id=1752, stack(0x000000bc42b00000,0x000000bc42c00000) (1024K)]
  0x000001e158a46850 ConcurrentGCThread "G1 Refine#0"               terminated
  0x000001e158a473c0 ConcurrentGCThread "G1 Service"                terminated
Total: 6

Threads with active compile tasks:
C1 CompilerThread0    31106 1149       3       java.lang.invoke.VarHandleGuards::guard_LI_J (78 bytes)
Total: 1

VM state: at safepoint (normal execution)

VM Mutex/Monitor currently owned by a thread:  ([mutex/lock_event])
[0x00007ffa4b836948] Threads_lock - owner thread: 0x000001e15b6b3b40
[0x00007ffa4b836a48] Heap_lock - owner thread: 0x000001e1395b0d30

Heap address: 0x0000000605800000, size: 8104 MB, Compressed Oops mode: Zero based, Oop shift amount: 3

CDS archive(s) not mapped
Compressed class space mapped at: 0x0000000800000000-0x0000000840000000, reserved size: 1073741824
Narrow klass base: 0x0000000800000000, Narrow klass shift: 0, Narrow klass range: 0x40000000

GC Precious Log:
 CardTable entry size: 512
 Card Set container configuration: InlinePtr #cards 4 size 8 Array Of Cards #cards 32 size 80 Howl #buckets 8 coarsen threshold 7372 Howl Bitmap #cards 1024 size 144 coarsen threshold 921 Card regions per heap region 1 cards per card region 8192
 CPUs: 12 total, 12 available
 Memory: 32400M
 Large Page Support: Disabled
 NUMA Support: Disabled
 Compressed Oops: Enabled (Zero based)
 Heap Region Size: 4M
 Heap Min Capacity: 8M
 Heap Initial Capacity: 508M
 Heap Max Capacity: 8104M
 Pre-touch: Disabled
 Parallel Workers: 10
 Concurrent Workers: 3
 Concurrent Refinement Workers: 10
 Periodic GC: Disabled

Heap:
 garbage-first heap   total 520192K, used 16384K [0x0000000605800000, 0x0000000800000000)
  region size 4096K, 5 young (20480K), 0 survivors (0K)
 Metaspace       used 18324K, committed 18560K, reserved 1114112K
  class space    used 1823K, committed 1920K, reserved 1048576K

Heap Regions: E=young(eden), S=young(survivor), O=old, HS=humongous(starts), HC=humongous(continues), CS=collection set, F=free, TAMS=top-at-mark-start, PB=parsable bottom
|   0|0x0000000605800000, 0x0000000605800000, 0x0000000605c00000|  0%| F|  |TAMS 0x0000000605800000| PB 0x0000000605800000| Untracked 
|   1|0x0000000605c00000, 0x0000000605c00000, 0x0000000606000000|  0%| F|  |TAMS 0x0000000605c00000| PB 0x0000000605c00000| Untracked 
|   2|0x0000000606000000, 0x0000000606000000, 0x0000000606400000|  0%| F|  |TAMS 0x0000000606000000| PB 0x0000000606000000| Untracked 
|   3|0x0000000606400000, 0x0000000606400000, 0x0000000606800000|  0%| F|  |TAMS 0x0000000606400000| PB 0x0000000606400000| Untracked 
|   4|0x0000000606800000, 0x0000000606800000, 0x0000000606c00000|  0%| F|  |TAMS 0x0000000606800000| PB 0x0000000606800000| Untracked 
|   5|0x0000000606c00000, 0x0000000606c00000, 0x0000000607000000|  0%| F|  |TAMS 0x0000000606c00000| PB 0x0000000606c00000| Untracked 
|   6|0x0000000607000000, 0x0000000607000000, 0x0000000607400000|  0%| F|  |TAMS 0x0000000607000000| PB 0x0000000607000000| Untracked 
|   7|0x0000000607400000, 0x0000000607400000, 0x0000000607800000|  0%| F|  |TAMS 0x0000000607400000| PB 0x0000000607400000| Untracked 
|   8|0x0000000607800000, 0x0000000607800000, 0x0000000607c00000|  0%| F|  |TAMS 0x0000000607800000| PB 0x0000000607800000| Untracked 
|   9|0x0000000607c00000, 0x0000000607c00000, 0x0000000608000000|  0%| F|  |TAMS 0x0000000607c00000| PB 0x0000000607c00000| Untracked 
|  10|0x0000000608000000, 0x0000000608000000, 0x0000000608400000|  0%| F|  |TAMS 0x0000000608000000| PB 0x0000000608000000| Untracked 
|  11|0x0000000608400000, 0x0000000608400000, 0x0000000608800000|  0%| F|  |TAMS 0x0000000608400000| PB 0x0000000608400000| Untracked 
|  12|0x0000000608800000, 0x0000000608800000, 0x0000000608c00000|  0%| F|  |TAMS 0x0000000608800000| PB 0x0000000608800000| Untracked 
|  13|0x0000000608c00000, 0x0000000608c00000, 0x0000000609000000|  0%| F|  |TAMS 0x0000000608c00000| PB 0x0000000608c00000| Untracked 
|  14|0x0000000609000000, 0x0000000609000000, 0x0000000609400000|  0%| F|  |TAMS 0x0000000609000000| PB 0x0000000609000000| Untracked 
|  15|0x0000000609400000, 0x0000000609400000, 0x0000000609800000|  0%| F|  |TAMS 0x0000000609400000| PB 0x0000000609400000| Untracked 
|  16|0x0000000609800000, 0x0000000609800000, 0x0000000609c00000|  0%| F|  |TAMS 0x0000000609800000| PB 0x0000000609800000| Untracked 
|  17|0x0000000609c00000, 0x0000000609c00000, 0x000000060a000000|  0%| F|  |TAMS 0x0000000609c00000| PB 0x0000000609c00000| Untracked 
|  18|0x000000060a000000, 0x000000060a000000, 0x000000060a400000|  0%| F|  |TAMS 0x000000060a000000| PB 0x000000060a000000| Untracked 
|  19|0x000000060a400000, 0x000000060a400000, 0x000000060a800000|  0%| F|  |TAMS 0x000000060a400000| PB 0x000000060a400000| Untracked 
|  20|0x000000060a800000, 0x000000060a800000, 0x000000060ac00000|  0%| F|  |TAMS 0x000000060a800000| PB 0x000000060a800000| Untracked 
|  21|0x000000060ac00000, 0x000000060ac00000, 0x000000060b000000|  0%| F|  |TAMS 0x000000060ac00000| PB 0x000000060ac00000| Untracked 
|  22|0x000000060b000000, 0x000000060b000000, 0x000000060b400000|  0%| F|  |TAMS 0x000000060b000000| PB 0x000000060b000000| Untracked 
|  23|0x000000060b400000, 0x000000060b400000, 0x000000060b800000|  0%| F|  |TAMS 0x000000060b400000| PB 0x000000060b400000| Untracked 
|  24|0x000000060b800000, 0x000000060b800000, 0x000000060bc00000|  0%| F|  |TAMS 0x000000060b800000| PB 0x000000060b800000| Untracked 
|  25|0x000000060bc00000, 0x000000060bc00000, 0x000000060c000000|  0%| F|  |TAMS 0x000000060bc00000| PB 0x000000060bc00000| Untracked 
|  26|0x000000060c000000, 0x000000060c000000, 0x000000060c400000|  0%| F|  |TAMS 0x000000060c000000| PB 0x000000060c000000| Untracked 
|  27|0x000000060c400000, 0x000000060c400000, 0x000000060c800000|  0%| F|  |TAMS 0x000000060c400000| PB 0x000000060c400000| Untracked 
|  28|0x000000060c800000, 0x000000060c800000, 0x000000060cc00000|  0%| F|  |TAMS 0x000000060c800000| PB 0x000000060c800000| Untracked 
|  29|0x000000060cc00000, 0x000000060cc00000, 0x000000060d000000|  0%| F|  |TAMS 0x000000060cc00000| PB 0x000000060cc00000| Untracked 
|  30|0x000000060d000000, 0x000000060d000000, 0x000000060d400000|  0%| F|  |TAMS 0x000000060d000000| PB 0x000000060d000000| Untracked 
|  31|0x000000060d400000, 0x000000060d400000, 0x000000060d800000|  0%| F|  |TAMS 0x000000060d400000| PB 0x000000060d400000| Untracked 
|  32|0x000000060d800000, 0x000000060d800000, 0x000000060dc00000|  0%| F|  |TAMS 0x000000060d800000| PB 0x000000060d800000| Untracked 
|  33|0x000000060dc00000, 0x000000060dc00000, 0x000000060e000000|  0%| F|  |TAMS 0x000000060dc00000| PB 0x000000060dc00000| Untracked 
|  34|0x000000060e000000, 0x000000060e000000, 0x000000060e400000|  0%| F|  |TAMS 0x000000060e000000| PB 0x000000060e000000| Untracked 
|  35|0x000000060e400000, 0x000000060e400000, 0x000000060e800000|  0%| F|  |TAMS 0x000000060e400000| PB 0x000000060e400000| Untracked 
|  36|0x000000060e800000, 0x000000060e800000, 0x000000060ec00000|  0%| F|  |TAMS 0x000000060e800000| PB 0x000000060e800000| Untracked 
|  37|0x000000060ec00000, 0x000000060ec00000, 0x000000060f000000|  0%| F|  |TAMS 0x000000060ec00000| PB 0x000000060ec00000| Untracked 
|  38|0x000000060f000000, 0x000000060f000000, 0x000000060f400000|  0%| F|  |TAMS 0x000000060f000000| PB 0x000000060f000000| Untracked 
|  39|0x000000060f400000, 0x000000060f400000, 0x000000060f800000|  0%| F|  |TAMS 0x000000060f400000| PB 0x000000060f400000| Untracked 
|  40|0x000000060f800000, 0x000000060f800000, 0x000000060fc00000|  0%| F|  |TAMS 0x000000060f800000| PB 0x000000060f800000| Untracked 
|  41|0x000000060fc00000, 0x000000060fc00000, 0x0000000610000000|  0%| F|  |TAMS 0x000000060fc00000| PB 0x000000060fc00000| Untracked 
|  42|0x0000000610000000, 0x0000000610000000, 0x0000000610400000|  0%| F|  |TAMS 0x0000000610000000| PB 0x0000000610000000| Untracked 
|  43|0x0000000610400000, 0x0000000610400000, 0x0000000610800000|  0%| F|  |TAMS 0x0000000610400000| PB 0x0000000610400000| Untracked 
|  44|0x0000000610800000, 0x0000000610800000, 0x0000000610c00000|  0%| F|  |TAMS 0x0000000610800000| PB 0x0000000610800000| Untracked 
|  45|0x0000000610c00000, 0x0000000610c00000, 0x0000000611000000|  0%| F|  |TAMS 0x0000000610c00000| PB 0x0000000610c00000| Untracked 
|  46|0x0000000611000000, 0x0000000611000000, 0x0000000611400000|  0%| F|  |TAMS 0x0000000611000000| PB 0x0000000611000000| Untracked 
|  47|0x0000000611400000, 0x0000000611400000, 0x0000000611800000|  0%| F|  |TAMS 0x0000000611400000| PB 0x0000000611400000| Untracked 
|  48|0x0000000611800000, 0x0000000611800000, 0x0000000611c00000|  0%| F|  |TAMS 0x0000000611800000| PB 0x0000000611800000| Untracked 
|  49|0x0000000611c00000, 0x0000000611c00000, 0x0000000612000000|  0%| F|  |TAMS 0x0000000611c00000| PB 0x0000000611c00000| Untracked 
|  50|0x0000000612000000, 0x0000000612000000, 0x0000000612400000|  0%| F|  |TAMS 0x0000000612000000| PB 0x0000000612000000| Untracked 
|  51|0x0000000612400000, 0x0000000612400000, 0x0000000612800000|  0%| F|  |TAMS 0x0000000612400000| PB 0x0000000612400000| Untracked 
|  52|0x0000000612800000, 0x0000000612800000, 0x0000000612c00000|  0%| F|  |TAMS 0x0000000612800000| PB 0x0000000612800000| Untracked 
|  53|0x0000000612c00000, 0x0000000612c00000, 0x0000000613000000|  0%| F|  |TAMS 0x0000000612c00000| PB 0x0000000612c00000| Untracked 
|  54|0x0000000613000000, 0x0000000613000000, 0x0000000613400000|  0%| F|  |TAMS 0x0000000613000000| PB 0x0000000613000000| Untracked 
|  55|0x0000000613400000, 0x0000000613400000, 0x0000000613800000|  0%| F|  |TAMS 0x0000000613400000| PB 0x0000000613400000| Untracked 
|  56|0x0000000613800000, 0x0000000613800000, 0x0000000613c00000|  0%| F|  |TAMS 0x0000000613800000| PB 0x0000000613800000| Untracked 
|  57|0x0000000613c00000, 0x0000000613c00000, 0x0000000614000000|  0%| F|  |TAMS 0x0000000613c00000| PB 0x0000000613c00000| Untracked 
|  58|0x0000000614000000, 0x0000000614000000, 0x0000000614400000|  0%| F|  |TAMS 0x0000000614000000| PB 0x0000000614000000| Untracked 
|  59|0x0000000614400000, 0x0000000614400000, 0x0000000614800000|  0%| F|  |TAMS 0x0000000614400000| PB 0x0000000614400000| Untracked 
|  60|0x0000000614800000, 0x0000000614800000, 0x0000000614c00000|  0%| F|  |TAMS 0x0000000614800000| PB 0x0000000614800000| Untracked 
|  61|0x0000000614c00000, 0x0000000614c00000, 0x0000000615000000|  0%| F|  |TAMS 0x0000000614c00000| PB 0x0000000614c00000| Untracked 
|  62|0x0000000615000000, 0x0000000615000000, 0x0000000615400000|  0%| F|  |TAMS 0x0000000615000000| PB 0x0000000615000000| Untracked 
|  63|0x0000000615400000, 0x0000000615400000, 0x0000000615800000|  0%| F|  |TAMS 0x0000000615400000| PB 0x0000000615400000| Untracked 
|  64|0x0000000615800000, 0x0000000615800000, 0x0000000615c00000|  0%| F|  |TAMS 0x0000000615800000| PB 0x0000000615800000| Untracked 
|  65|0x0000000615c00000, 0x0000000615c00000, 0x0000000616000000|  0%| F|  |TAMS 0x0000000615c00000| PB 0x0000000615c00000| Untracked 
|  66|0x0000000616000000, 0x0000000616000000, 0x0000000616400000|  0%| F|  |TAMS 0x0000000616000000| PB 0x0000000616000000| Untracked 
|  67|0x0000000616400000, 0x0000000616400000, 0x0000000616800000|  0%| F|  |TAMS 0x0000000616400000| PB 0x0000000616400000| Untracked 
|  68|0x0000000616800000, 0x0000000616800000, 0x0000000616c00000|  0%| F|  |TAMS 0x0000000616800000| PB 0x0000000616800000| Untracked 
|  69|0x0000000616c00000, 0x0000000616c00000, 0x0000000617000000|  0%| F|  |TAMS 0x0000000616c00000| PB 0x0000000616c00000| Untracked 
|  70|0x0000000617000000, 0x0000000617000000, 0x0000000617400000|  0%| F|  |TAMS 0x0000000617000000| PB 0x0000000617000000| Untracked 
|  71|0x0000000617400000, 0x0000000617400000, 0x0000000617800000|  0%| F|  |TAMS 0x0000000617400000| PB 0x0000000617400000| Untracked 
|  72|0x0000000617800000, 0x0000000617800000, 0x0000000617c00000|  0%| F|  |TAMS 0x0000000617800000| PB 0x0000000617800000| Untracked 
|  73|0x0000000617c00000, 0x0000000617c00000, 0x0000000618000000|  0%| F|  |TAMS 0x0000000617c00000| PB 0x0000000617c00000| Untracked 
|  74|0x0000000618000000, 0x0000000618000000, 0x0000000618400000|  0%| F|  |TAMS 0x0000000618000000| PB 0x0000000618000000| Untracked 
|  75|0x0000000618400000, 0x0000000618400000, 0x0000000618800000|  0%| F|  |TAMS 0x0000000618400000| PB 0x0000000618400000| Untracked 
|  76|0x0000000618800000, 0x0000000618800000, 0x0000000618c00000|  0%| F|  |TAMS 0x0000000618800000| PB 0x0000000618800000| Untracked 
|  77|0x0000000618c00000, 0x0000000618c00000, 0x0000000619000000|  0%| F|  |TAMS 0x0000000618c00000| PB 0x0000000618c00000| Untracked 
|  78|0x0000000619000000, 0x0000000619000000, 0x0000000619400000|  0%| F|  |TAMS 0x0000000619000000| PB 0x0000000619000000| Untracked 
|  79|0x0000000619400000, 0x0000000619400000, 0x0000000619800000|  0%| F|  |TAMS 0x0000000619400000| PB 0x0000000619400000| Untracked 
|  80|0x0000000619800000, 0x0000000619800000, 0x0000000619c00000|  0%| F|  |TAMS 0x0000000619800000| PB 0x0000000619800000| Untracked 
|  81|0x0000000619c00000, 0x0000000619c00000, 0x000000061a000000|  0%| F|  |TAMS 0x0000000619c00000| PB 0x0000000619c00000| Untracked 
|  82|0x000000061a000000, 0x000000061a000000, 0x000000061a400000|  0%| F|  |TAMS 0x000000061a000000| PB 0x000000061a000000| Untracked 
|  83|0x000000061a400000, 0x000000061a400000, 0x000000061a800000|  0%| F|  |TAMS 0x000000061a400000| PB 0x000000061a400000| Untracked 
|  84|0x000000061a800000, 0x000000061a800000, 0x000000061ac00000|  0%| F|  |TAMS 0x000000061a800000| PB 0x000000061a800000| Untracked 
|  85|0x000000061ac00000, 0x000000061ac00000, 0x000000061b000000|  0%| F|  |TAMS 0x000000061ac00000| PB 0x000000061ac00000| Untracked 
|  86|0x000000061b000000, 0x000000061b000000, 0x000000061b400000|  0%| F|  |TAMS 0x000000061b000000| PB 0x000000061b000000| Untracked 
|  87|0x000000061b400000, 0x000000061b400000, 0x000000061b800000|  0%| F|  |TAMS 0x000000061b400000| PB 0x000000061b400000| Untracked 
|  88|0x000000061b800000, 0x000000061b800000, 0x000000061bc00000|  0%| F|  |TAMS 0x000000061b800000| PB 0x000000061b800000| Untracked 
|  89|0x000000061bc00000, 0x000000061bc00000, 0x000000061c000000|  0%| F|  |TAMS 0x000000061bc00000| PB 0x000000061bc00000| Untracked 
|  90|0x000000061c000000, 0x000000061c000000, 0x000000061c400000|  0%| F|  |TAMS 0x000000061c000000| PB 0x000000061c000000| Untracked 
|  91|0x000000061c400000, 0x000000061c400000, 0x000000061c800000|  0%| F|  |TAMS 0x000000061c400000| PB 0x000000061c400000| Untracked 
|  92|0x000000061c800000, 0x000000061c800000, 0x000000061cc00000|  0%| F|  |TAMS 0x000000061c800000| PB 0x000000061c800000| Untracked 
|  93|0x000000061cc00000, 0x000000061cc00000, 0x000000061d000000|  0%| F|  |TAMS 0x000000061cc00000| PB 0x000000061cc00000| Untracked 
|  94|0x000000061d000000, 0x000000061d000000, 0x000000061d400000|  0%| F|  |TAMS 0x000000061d000000| PB 0x000000061d000000| Untracked 
|  95|0x000000061d400000, 0x000000061d400000, 0x000000061d800000|  0%| F|  |TAMS 0x000000061d400000| PB 0x000000061d400000| Untracked 
|  96|0x000000061d800000, 0x000000061d800000, 0x000000061dc00000|  0%| F|  |TAMS 0x000000061d800000| PB 0x000000061d800000| Untracked 
|  97|0x000000061dc00000, 0x000000061dc00000, 0x000000061e000000|  0%| F|  |TAMS 0x000000061dc00000| PB 0x000000061dc00000| Untracked 
|  98|0x000000061e000000, 0x000000061e000000, 0x000000061e400000|  0%| F|  |TAMS 0x000000061e000000| PB 0x000000061e000000| Untracked 
|  99|0x000000061e400000, 0x000000061e400000, 0x000000061e800000|  0%| F|  |TAMS 0x000000061e400000| PB 0x000000061e400000| Untracked 
| 100|0x000000061e800000, 0x000000061e800000, 0x000000061ec00000|  0%| F|  |TAMS 0x000000061e800000| PB 0x000000061e800000| Untracked 
| 101|0x000000061ec00000, 0x000000061ec00000, 0x000000061f000000|  0%| F|  |TAMS 0x000000061ec00000| PB 0x000000061ec00000| Untracked 
| 102|0x000000061f000000, 0x000000061f000000, 0x000000061f400000|  0%| F|  |TAMS 0x000000061f000000| PB 0x000000061f000000| Untracked 
| 103|0x000000061f400000, 0x000000061f400000, 0x000000061f800000|  0%| F|  |TAMS 0x000000061f400000| PB 0x000000061f400000| Untracked 
| 104|0x000000061f800000, 0x000000061f800000, 0x000000061fc00000|  0%| F|  |TAMS 0x000000061f800000| PB 0x000000061f800000| Untracked 
| 105|0x000000061fc00000, 0x000000061fc00000, 0x0000000620000000|  0%| F|  |TAMS 0x000000061fc00000| PB 0x000000061fc00000| Untracked 
| 106|0x0000000620000000, 0x0000000620000000, 0x0000000620400000|  0%| F|  |TAMS 0x0000000620000000| PB 0x0000000620000000| Untracked 
| 107|0x0000000620400000, 0x0000000620400000, 0x0000000620800000|  0%| F|  |TAMS 0x0000000620400000| PB 0x0000000620400000| Untracked 
| 108|0x0000000620800000, 0x0000000620800000, 0x0000000620c00000|  0%| F|  |TAMS 0x0000000620800000| PB 0x0000000620800000| Untracked 
| 109|0x0000000620c00000, 0x0000000620c00000, 0x0000000621000000|  0%| F|  |TAMS 0x0000000620c00000| PB 0x0000000620c00000| Untracked 
| 110|0x0000000621000000, 0x0000000621000000, 0x0000000621400000|  0%| F|  |TAMS 0x0000000621000000| PB 0x0000000621000000| Untracked 
| 111|0x0000000621400000, 0x0000000621400000, 0x0000000621800000|  0%| F|  |TAMS 0x0000000621400000| PB 0x0000000621400000| Untracked 
| 112|0x0000000621800000, 0x0000000621800000, 0x0000000621c00000|  0%| F|  |TAMS 0x0000000621800000| PB 0x0000000621800000| Untracked 
| 113|0x0000000621c00000, 0x0000000621c00000, 0x0000000622000000|  0%| F|  |TAMS 0x0000000621c00000| PB 0x0000000621c00000| Untracked 
| 114|0x0000000622000000, 0x0000000622000000, 0x0000000622400000|  0%| F|  |TAMS 0x0000000622000000| PB 0x0000000622000000| Untracked 
| 115|0x0000000622400000, 0x0000000622400000, 0x0000000622800000|  0%| F|  |TAMS 0x0000000622400000| PB 0x0000000622400000| Untracked 
| 116|0x0000000622800000, 0x0000000622800000, 0x0000000622c00000|  0%| F|  |TAMS 0x0000000622800000| PB 0x0000000622800000| Untracked 
| 117|0x0000000622c00000, 0x0000000622c00000, 0x0000000623000000|  0%| F|  |TAMS 0x0000000622c00000| PB 0x0000000622c00000| Untracked 
| 118|0x0000000623000000, 0x0000000623000000, 0x0000000623400000|  0%| F|  |TAMS 0x0000000623000000| PB 0x0000000623000000| Untracked 
| 119|0x0000000623400000, 0x0000000623400000, 0x0000000623800000|  0%| F|  |TAMS 0x0000000623400000| PB 0x0000000623400000| Untracked 
| 120|0x0000000623800000, 0x0000000623800000, 0x0000000623c00000|  0%| F|  |TAMS 0x0000000623800000| PB 0x0000000623800000| Untracked 
| 121|0x0000000623c00000, 0x0000000623c00000, 0x0000000624000000|  0%| F|  |TAMS 0x0000000623c00000| PB 0x0000000623c00000| Untracked 
| 122|0x0000000624000000, 0x00000006241712b0, 0x0000000624400000| 36%| E|  |TAMS 0x0000000624000000| PB 0x0000000624000000| Complete 
| 123|0x0000000624400000, 0x0000000624800000, 0x0000000624800000|100%| E|CS|TAMS 0x0000000624400000| PB 0x0000000624400000| Complete 
| 124|0x0000000624800000, 0x0000000624c00000, 0x0000000624c00000|100%| E|CS|TAMS 0x0000000624800000| PB 0x0000000624800000| Complete 
| 125|0x0000000624c00000, 0x0000000625000000, 0x0000000625000000|100%| E|CS|TAMS 0x0000000624c00000| PB 0x0000000624c00000| Complete 
| 126|0x0000000625000000, 0x0000000625400000, 0x0000000625400000|100%| E|CS|TAMS 0x0000000625000000| PB 0x0000000625000000| Complete 

Card table byte_map: [0x000001e14faf0000,0x000001e150ad0000] _byte_map_base: 0x000001e14cac4000

Marking Bits: (CMBitMap*) 0x000001e139617390
 Bits: [0x000001e150ad0000, 0x000001e158970000)

Polling page: 0x000001e1392b0000

Metaspace:

Usage:
  Non-class:     16.11 MB used.
      Class:      1.78 MB used.
       Both:     17.90 MB used.

Virtual space:
  Non-class space:       64.00 MB reserved,      16.25 MB ( 25%) committed,  1 nodes.
      Class space:        1.00 GB reserved,       1.88 MB ( <1%) committed,  1 nodes.
             Both:        1.06 GB reserved,      18.12 MB (  2%) committed. 

Chunk freelists:
   Non-Class:  15.79 MB
       Class:  14.14 MB
        Both:  29.93 MB

MaxMetaspaceSize: unlimited
CompressedClassSpaceSize: 1.00 GB
Initial GC threshold: 21.00 MB
Current GC threshold: 21.00 MB
CDS: off
 - commit_granule_bytes: 65536.
 - commit_granule_words: 8192.
 - virtual_space_node_default_size: 8388608.
 - enlarge_chunks_in_place: 1.
 - use_allocation_guard: 0.


Internal statistics:

num_allocs_failed_limit: 0.
num_arena_births: 244.
num_arena_deaths: 0.
num_vsnodes_births: 2.
num_vsnodes_deaths: 0.
num_space_committed: 290.
num_space_uncommitted: 0.
num_chunks_returned_to_freelist: 0.
num_chunks_taken_from_freelist: 451.
num_chunk_merges: 0.
num_chunk_splits: 248.
num_chunks_enlarged: 110.
num_inconsistent_stats: 0.

CodeHeap 'non-profiled nmethods': size=120000Kb used=418Kb max_used=418Kb free=119581Kb
 bounds [0x000001e146950000, 0x000001e146bc0000, 0x000001e14de80000]
CodeHeap 'profiled nmethods': size=120000Kb used=1860Kb max_used=1860Kb free=118139Kb
 bounds [0x000001e13ee80000, 0x000001e13f0f0000, 0x000001e1463b0000]
CodeHeap 'non-nmethods': size=5760Kb used=1430Kb max_used=1467Kb free=4329Kb
 bounds [0x000001e1463b0000, 0x000001e146620000, 0x000001e146950000]
 total_blobs=1665 nmethods=1148 adapters=422
 compilation: enabled
              stopped_count=0, restarted_count=0
 full_count=0

Compilation events (20 events):
Event: 30.724 Thread 0x000001e15b723090 1139       3       java.util.Optional::of (12 bytes)
Event: 30.725 Thread 0x000001e15b723090 nmethod 1139 0x000001e13f04cd90 code [0x000001e13f04cf60, 0x000001e13f04d328]
Event: 30.725 Thread 0x000001e15b723090 1140       3       java.lang.ref.Reference::clear (5 bytes)
Event: 30.725 Thread 0x000001e15b723090 nmethod 1140 0x000001e13f04d490 code [0x000001e13f04d640, 0x000001e13f04d778]
Event: 30.725 Thread 0x000001e15b723090 1142       3       java.nio.DirectByteBuffer::<init> (60 bytes)
Event: 30.725 Thread 0x000001e15b723090 nmethod 1142 0x000001e13f04d810 code [0x000001e13f04d9e0, 0x000001e13f04de30]
Event: 30.726 Thread 0x000001e15b723090 1143       3       java.nio.MappedByteBuffer::<init> (24 bytes)
Event: 30.726 Thread 0x000001e15b723090 nmethod 1143 0x000001e13f04df90 code [0x000001e13f04e140, 0x000001e13f04e2f8]
Event: 30.726 Thread 0x000001e15b723090 1144       3       sun.net.util.URLUtil::urlNoFragString (143 bytes)
Event: 30.727 Thread 0x000001e15b723090 nmethod 1144 0x000001e13f04e390 code [0x000001e13f04e6c0, 0x000001e13f04f690]
Event: 30.727 Thread 0x000001e15b723090 1145       3       jdk.internal.misc.Unsafe::storeFence (5 bytes)
Event: 30.728 Thread 0x000001e15b723090 nmethod 1145 0x000001e13f04fc90 code [0x000001e13f04fe20, 0x000001e13f04ff40]
Event: 30.728 Thread 0x000001e15b723090 1146       3       java.lang.Integer::stringSize (47 bytes)
Event: 30.728 Thread 0x000001e15b723090 nmethod 1146 0x000001e13f050010 code [0x000001e13f0501c0, 0x000001e13f050418]
Event: 30.728 Thread 0x000001e15b723090 1147       3       java.lang.Integer::getChars (121 bytes)
Event: 30.729 Thread 0x000001e15b723090 nmethod 1147 0x000001e13f050510 code [0x000001e13f0506e0, 0x000001e13f050b20]
Event: 30.729 Thread 0x000001e15b723090 1148       3       java.util.zip.ZipUtils::SH (21 bytes)
Event: 30.729 Thread 0x000001e15b723090 nmethod 1148 0x000001e13f050d90 code [0x000001e13f050f20, 0x000001e13f051068]
Event: 30.729 Thread 0x000001e15b723090 1149       3       java.lang.invoke.VarHandleGuards::guard_LI_J (78 bytes)
Event: 30.729 Thread 0x000001e15b71f690 nmethod 1138 0x000001e1469b8010 code [0x000001e1469b81c0, 0x000001e1469b8798]

GC Heap History (0 events):
No events

Dll operation events (2 events):
Event: 0.009 Loaded shared library C:\Users\PeenakaW\AppData\Local\JetBrains\IntelliJ IDEA 2024.2.4\jbr\bin\java.dll
Event: 0.014 Loaded shared library C:\Users\PeenakaW\AppData\Local\JetBrains\IntelliJ IDEA 2024.2.4\jbr\bin\zip.dll

Deoptimization events (20 events):
Event: 0.403 Thread 0x000001e16043edc0 Uncommon trap: trap_request=0xffffff66 fr.pc=0x000001e1469a3274 relative=0x0000000000000314
Event: 0.403 Thread 0x000001e16043edc0 Uncommon trap: reason=speculate_class_check action=maybe_recompile pc=0x000001e1469a3274 method=sun.security.util.math.intpoly.IntegerPolynomial.multByInt([JJ)V @ 26 c2
Event: 0.403 Thread 0x000001e16043edc0 DEOPT PACKING pc=0x000001e1469a3274 sp=0x000000bc43cfe520
Event: 0.403 Thread 0x000001e16043edc0 DEOPT UNPACKING pc=0x000001e1464046a2 sp=0x000000bc43cfe460 mode 2
Event: 0.403 Thread 0x000001e16043edc0 Uncommon trap: trap_request=0xffffffde fr.pc=0x000001e14699ea9c relative=0x000000000000025c
Event: 0.403 Thread 0x000001e16043edc0 Uncommon trap: reason=class_check action=maybe_recompile pc=0x000001e14699ea9c method=sun.security.util.math.intpoly.IntegerPolynomial.multByInt([JJ)V @ 26 c2
Event: 0.403 Thread 0x000001e16043edc0 DEOPT PACKING pc=0x000001e14699ea9c sp=0x000000bc43cfe490
Event: 0.403 Thread 0x000001e16043edc0 DEOPT UNPACKING pc=0x000001e1464046a2 sp=0x000000bc43cfe460 mode 2
Event: 0.403 Thread 0x000001e16043edc0 Uncommon trap: trap_request=0xffffffde fr.pc=0x000001e14699ea9c relative=0x000000000000025c
Event: 0.403 Thread 0x000001e16043edc0 Uncommon trap: reason=class_check action=maybe_recompile pc=0x000001e14699ea9c method=sun.security.util.math.intpoly.IntegerPolynomial.multByInt([JJ)V @ 26 c2
Event: 0.403 Thread 0x000001e16043edc0 DEOPT PACKING pc=0x000001e14699ea9c sp=0x000000bc43cfe490
Event: 0.403 Thread 0x000001e16043edc0 DEOPT UNPACKING pc=0x000001e1464046a2 sp=0x000000bc43cfe460 mode 2
Event: 0.403 Thread 0x000001e16043edc0 Uncommon trap: trap_request=0xffffffde fr.pc=0x000001e14699ea9c relative=0x000000000000025c
Event: 0.403 Thread 0x000001e16043edc0 Uncommon trap: reason=class_check action=maybe_recompile pc=0x000001e14699ea9c method=sun.security.util.math.intpoly.IntegerPolynomial.multByInt([JJ)V @ 26 c2
Event: 0.403 Thread 0x000001e16043edc0 DEOPT PACKING pc=0x000001e14699ea9c sp=0x000000bc43cfe490
Event: 0.403 Thread 0x000001e16043edc0 DEOPT UNPACKING pc=0x000001e1464046a2 sp=0x000000bc43cfe460 mode 2
Event: 0.403 Thread 0x000001e16043edc0 Uncommon trap: trap_request=0xffffffde fr.pc=0x000001e14699ea9c relative=0x000000000000025c
Event: 0.403 Thread 0x000001e16043edc0 Uncommon trap: reason=class_check action=maybe_recompile pc=0x000001e14699ea9c method=sun.security.util.math.intpoly.IntegerPolynomial.multByInt([JJ)V @ 26 c2
Event: 0.403 Thread 0x000001e16043edc0 DEOPT PACKING pc=0x000001e14699ea9c sp=0x000000bc43cfe490
Event: 0.403 Thread 0x000001e16043edc0 DEOPT UNPACKING pc=0x000001e1464046a2 sp=0x000000bc43cfe460 mode 2

Classes loaded (20 events):
Event: 30.716 Loading class java/util/function/LongConsumer done
Event: 30.716 Loading class java/util/stream/Sink$OfLong done
Event: 30.716 Loading class java/util/stream/FindOps$FindSink$OfLong done
Event: 30.716 Loading class java/util/OptionalLong
Event: 30.716 Loading class java/util/OptionalLong done
Event: 30.718 Loading class java/util/stream/ReferencePipeline$5$1
Event: 30.718 Loading class java/util/stream/ReferencePipeline$5$1 done
Event: 30.718 Loading class sun/net/www/HeaderParser
Event: 30.719 Loading class sun/net/www/HeaderParser done
Event: 30.729 Loading class sun/security/ssl/Alert
Event: 30.729 Loading class java/lang/Shutdown
Event: 30.729 Loading class sun/security/ssl/Alert done
Event: 30.729 Loading class java/lang/Shutdown done
Event: 30.729 Loading class java/lang/Shutdown$Lock
Event: 30.730 Loading class java/lang/Shutdown$Lock done
Event: 30.730 Loading class sun/security/ssl/Alert$AlertConsumer
Event: 30.730 Loading class sun/security/ssl/Alert$AlertConsumer done
Event: 30.730 Loading class sun/security/ssl/Alert$AlertMessage
Event: 30.730 Loading class sun/security/ssl/Alert$AlertMessage done
Event: 30.730 Loading class sun/security/ssl/Alert$Level

Classes unloaded (0 events):
No events

Classes redefined (3 events):
Event: 0.065 Thread 0x000001e15b6b3b40 redefined class name=java.io.FileOutputStream, count=1
Event: 0.066 Thread 0x000001e15b6b3b40 redefined class name=java.io.File, count=1
Event: 0.067 Thread 0x000001e15b6b3b40 redefined class name=java.net.URLStreamHandler, count=1

Internal exceptions (20 events):
Event: 0.240 Thread 0x000001e1395b0d30 Exception <a 'java/lang/NoSuchMethodError'{0x0000000624f53af0}: 'int java.lang.invoke.DirectMethodHandle$Holder.invokeStaticInit(java.lang.Object, double, double)'> (0x0000000624f53af0) 
thrown [s\src\hotspot\share\interpreter\linkResolver.cpp, line 784]
Event: 0.240 Thread 0x000001e1395b0d30 Exception <a 'java/lang/NoSuchMethodError'{0x0000000624f58178}: 'int java.lang.invoke.DirectMethodHandle$Holder.invokeStatic(java.lang.Object, long)'> (0x0000000624f58178) 
thrown [s\src\hotspot\share\interpreter\linkResolver.cpp, line 784]
Event: 0.243 Thread 0x000001e1395b0d30 Exception <a 'java/lang/NoSuchMethodError'{0x0000000624f851b0}: 'java.lang.Object java.lang.invoke.DelegatingMethodHandle$Holder.delegate(java.lang.Object, int, java.lang.Object, java.lang.Object)'> (0x0000000624f851b0) 
thrown [s\src\hotspot\share\interpreter\linkResolver.cpp, line 784]
Event: 0.244 Thread 0x000001e1395b0d30 Exception <a 'java/lang/NoSuchMethodError'{0x0000000624f944d0}: 'int java.lang.invoke.Invokers$Holder.linkToTargetMethod(java.lang.Object, java.lang.Object, java.lang.Object)'> (0x0000000624f944d0) 
thrown [s\src\hotspot\share\interpreter\linkResolver.cpp, line 784]
Event: 0.246 Thread 0x000001e1395b0d30 Exception <a 'java/lang/NoSuchMethodError'{0x0000000624fc62b0}: 'long java.lang.invoke.DirectMethodHandle$Holder.invokeSpecial(java.lang.Object, java.lang.Object)'> (0x0000000624fc62b0) 
thrown [s\src\hotspot\share\interpreter\linkResolver.cpp, line 784]
Event: 0.247 Thread 0x000001e1395b0d30 Exception <a 'java/lang/NoSuchMethodError'{0x0000000624fccb80}: 'int java.lang.invoke.DirectMethodHandle$Holder.invokeStatic(java.lang.Object, java.lang.Object, java.lang.Object, java.lang.Object)'> (0x0000000624fccb80) 
thrown [s\src\hotspot\share\interpreter\linkResolver.cpp, line 784]
Event: 0.247 Thread 0x000001e1395b0d30 Exception <a 'java/lang/NoSuchMethodError'{0x0000000624fcffa0}: 'java.lang.Object java.lang.invoke.Invokers$Holder.invokeExact_MT(java.lang.Object, java.lang.Object, java.lang.Object, java.lang.Object, java.lang.Object, java.lang.Object)'> (0x0000000624fcffa0) 
thrown [s\src\hotspot\share\interpreter\linkResolver.cpp, line 784]
Event: 0.294 Thread 0x000001e1395b0d30 Exception <a 'java/lang/NoSuchMethodError'{0x0000000624a00100}: 'void java.lang.invoke.DirectMethodHandle$Holder.invokeStatic(java.lang.Object, java.lang.Object, java.lang.Object, java.lang.Object, java.lang.Object, java.lang.Object, java.lang.Object)'> (0x0000000624a00100) 
thrown [s\src\hotspot\share\interpreter\linkResolver.cpp, line 784]
Event: 0.294 Thread 0x000001e1395b0d30 Exception <a 'java/lang/NoSuchMethodError'{0x0000000624a07768}: 'java.lang.Object java.lang.invoke.DirectMethodHandle$Holder.newInvokeSpecial(java.lang.Object, java.lang.Object, java.lang.Object, java.lang.Object, java.lang.Object)'> (0x0000000624a07768) 
thrown [s\src\hotspot\share\interpreter\linkResolver.cpp, line 784]
Event: 0.311 Thread 0x000001e1395b0d30 Exception <a 'java/lang/NoSuchMethodError'{0x0000000624b885e0}: 'java.lang.Object java.lang.invoke.DirectMethodHandle$Holder.invokeSpecial(java.lang.Object, java.lang.Object, java.lang.Object, java.lang.Object, int)'> (0x0000000624b885e0) 
thrown [s\src\hotspot\share\interpreter\linkResolver.cpp, line 784]
Event: 0.311 Thread 0x000001e1395b0d30 Exception <a 'java/lang/NoSuchMethodError'{0x0000000624b8bf48}: 'java.lang.Object java.lang.invoke.Invokers$Holder.linkToTargetMethod(java.lang.Object, java.lang.Object, int, java.lang.Object)'> (0x0000000624b8bf48) 
thrown [s\src\hotspot\share\interpreter\linkResolver.cpp, line 784]
Event: 0.314 Thread 0x000001e1395b0d30 Exception <a 'java/lang/NoSuchMethodError'{0x0000000624bba240}: 'void java.lang.invoke.DirectMethodHandle$Holder.invokeSpecial(java.lang.Object, java.lang.Object, java.lang.Object)'> (0x0000000624bba240) 
thrown [s\src\hotspot\share\interpreter\linkResolver.cpp, line 784]
Event: 0.322 Thread 0x000001e1395b0d30 Exception <a 'java/lang/NoSuchMethodError'{0x000000062443bfc0}: 'void java.lang.invoke.DirectMethodHandle$Holder.invokeSpecial(java.lang.Object, java.lang.Object, java.lang.Object, java.lang.Object, java.lang.Object)'> (0x000000062443bfc0) 
thrown [s\src\hotspot\share\interpreter\linkResolver.cpp, line 784]
Event: 0.323 Thread 0x000001e160379820 Exception <a 'java/lang/NoSuchMethodError'{0x00000006249927a8}: 'void java.lang.invoke.DirectMethodHandle$Holder.invokeStatic(java.lang.Object, java.lang.Object, int)'> (0x00000006249927a8) 
thrown [s\src\hotspot\share\interpreter\linkResolver.cpp, line 784]
Event: 0.328 Thread 0x000001e160379820 Exception <a 'java/lang/NoSuchMethodError'{0x00000006249ca2f8}: 'void java.lang.invoke.DirectMethodHandle$Holder.invokeStatic(java.lang.Object, java.lang.Object)'> (0x00000006249ca2f8) 
thrown [s\src\hotspot\share\interpreter\linkResolver.cpp, line 784]
Event: 0.329 Thread 0x000001e16043edc0 Exception <a 'java/lang/NoSuchMethodError'{0x000000062449f838}: 'void java.lang.invoke.DirectMethodHandle$Holder.invokeInterface(java.lang.Object, java.lang.Object, java.lang.Object)'> (0x000000062449f838) 
thrown [s\src\hotspot\share\interpreter\linkResolver.cpp, line 784]
Event: 0.333 Thread 0x000001e16043edc0 Exception <a 'java/lang/NoSuchMethodError'{0x00000006244f16f0}: 'void java.lang.invoke.DirectMethodHandle$Holder.invokeVirtual(java.lang.Object, java.lang.Object)'> (0x00000006244f16f0) 
thrown [s\src\hotspot\share\interpreter\linkResolver.cpp, line 784]
Event: 0.397 Thread 0x000001e16043edc0 Exception <a 'java/lang/NoSuchMethodError'{0x0000000624708ce8}: 'void java.lang.invoke.DirectMethodHandle$Holder.invokeInterface(java.lang.Object, java.lang.Object)'> (0x0000000624708ce8) 
thrown [s\src\hotspot\share\interpreter\linkResolver.cpp, line 784]
Event: 0.425 Thread 0x000001e16043edc0 Exception <a 'java/lang/NoSuchMethodError'{0x0000000624780ac0}: 'void java.lang.invoke.DirectMethodHandle$Holder.invokeStatic(java.lang.Object, java.lang.Object, java.lang.Object, java.lang.Object)'> (0x0000000624780ac0) 
thrown [s\src\hotspot\share\interpreter\linkResolver.cpp, line 784]
Event: 30.723 Thread 0x000001e16043edc0 Exception <a 'java/lang/NoSuchMethodError'{0x00000006240efe90}: 'void java.lang.invoke.DirectMethodHandle$Holder.invokeSpecial(java.lang.Object, java.lang.Object, java.lang.Object, java.lang.Object, java.lang.Object, java.lang.Object, java.lang.Object)'> (0x00000006240efe90) 
thrown [s\src\hotspot\share\interpreter\linkResolver.cpp, line 784]

ZGC Phase Switch (0 events):
No events

VM Operations (19 events):
Event: 0.065 Executing VM operation: RedefineClasses
Event: 0.065 Executing VM operation: RedefineClasses done
Event: 0.066 Executing VM operation: RedefineClasses
Event: 0.066 Executing VM operation: RedefineClasses done
Event: 0.067 Executing VM operation: RedefineClasses
Event: 0.067 Executing VM operation: RedefineClasses done
Event: 0.087 Executing VM operation: HandshakeAllThreads (Deoptimize)
Event: 0.087 Executing VM operation: HandshakeAllThreads (Deoptimize) done
Event: 0.093 Executing VM operation: HandshakeAllThreads (Deoptimize)
Event: 0.093 Executing VM operation: HandshakeAllThreads (Deoptimize) done
Event: 0.202 Executing VM operation: HandshakeAllThreads (Deoptimize)